2024-03-25 00:23:29,079 - INFO - YAML file opened
2024-03-25 00:23:29,079 - INFO - Connected to database: gic_mrkts UserName : postgres
2024-03-25 00:23:29,129 - ERROR - Table not found in the database.
2024-03-25 00:23:29,133 - INFO - DDL execution successful!
2024-03-25 00:23:29,142 - INFO - Splitting the filename: Fund Whitestone.30-06-2023 - details.csv to extract FundName and Date
2024-03-25 00:23:29,143 - INFO - Filename: Fund Whitestone.30-06-2023 - details.csv 2023-06-30 matches pattern1
2024-03-25 00:23:29,147 - INFO - Loading /Users/kumkumbiswal/Desktop/Suhas/GIC/Dataset 1/Dataset/external-funds/Fund Whitestone.30-06-2023 - details.csv into DB
2024-03-25 00:23:29,197 - INFO - Number of records loaded : 77 into DB
2024-03-25 00:23:29,200 - INFO - Splitting the filename: rpt-Catalysm.2022-10-31.csv to extract FundName and Date
2024-03-25 00:23:29,200 - INFO - Filename: rpt-Catalysm.2022-10-31.csv matches pattern3
2024-03-25 00:23:29,200 - INFO - Loading /Users/kumkumbiswal/Desktop/Suhas/GIC/Dataset 1/Dataset/external-funds/rpt-Catalysm.2022-10-31.csv into DB
2024-03-25 00:23:29,208 - INFO - Number of records loaded : 82 into DB
2024-03-25 00:23:29,210 - INFO - Splitting the filename: Belaware.28_02_2023.csv to extract FundName and Date
2024-03-25 00:23:29,210 - INFO - Filename: Belaware.28_02_2023.csv matches pattern2
2024-03-25 00:23:29,211 - INFO - Loading /Users/kumkumbiswal/Desktop/Suhas/GIC/Dataset 1/Dataset/external-funds/Belaware.28_02_2023.csv into DB
2024-03-25 00:23:29,219 - INFO - Number of records loaded : 88 into DB
2024-03-25 00:23:29,221 - INFO - Splitting the filename: Fund Whitestone.31-10-2022 - details.csv to extract FundName and Date
2024-03-25 00:23:29,221 - INFO - Filename: Fund Whitestone.31-10-2022 - details.csv 2022-10-31 matches pattern1
2024-03-25 00:23:29,222 - INFO - Loading /Users/kumkumbiswal/Desktop/Suhas/GIC/Dataset 1/Dataset/external-funds/Fund Whitestone.31-10-2022 - details.csv into DB
2024-03-25 00:23:29,229 - INFO - Number of records loaded : 77 into DB
2024-03-25 00:23:29,231 - INFO - Splitting the filename: TT_monthly_Trustmind.20230831.csv to extract FundName and Date
2024-03-25 00:23:29,231 - INFO - Filename: TT_monthly_Trustmind.20230831.csv matches pattern4
2024-03-25 00:23:29,232 - INFO - Loading /Users/kumkumbiswal/Desktop/Suhas/GIC/Dataset 1/Dataset/external-funds/TT_monthly_Trustmind.20230831.csv into DB
2024-03-25 00:23:29,239 - INFO - Number of records loaded : 75 into DB
2024-03-25 00:23:29,241 - INFO - Splitting the filename: Fund Whitestone.31-01-2023 - details.csv to extract FundName and Date
2024-03-25 00:23:29,241 - INFO - Filename: Fund Whitestone.31-01-2023 - details.csv 2023-01-31 matches pattern1
2024-03-25 00:23:29,242 - INFO - Loading /Users/kumkumbiswal/Desktop/Suhas/GIC/Dataset 1/Dataset/external-funds/Fund Whitestone.31-01-2023 - details.csv into DB
2024-03-25 00:23:29,249 - INFO - Number of records loaded : 77 into DB
2024-03-25 00:23:29,251 - INFO - Splitting the filename: Report-of-Gohen.07-31-2023.csv to extract FundName and Date
2024-03-25 00:23:29,251 - INFO - Filename: Report-of-Gohen.07-31-2023.csv 2023-07-31 matches pattern1
2024-03-25 00:23:29,252 - INFO - Loading /Users/kumkumbiswal/Desktop/Suhas/GIC/Dataset 1/Dataset/external-funds/Report-of-Gohen.07-31-2023.csv into DB
2024-03-25 00:23:29,259 - INFO - Number of records loaded : 71 into DB
2024-03-25 00:23:29,260 - INFO - Splitting the filename: Virtous.05-31-2023 - securities.csv to extract FundName and Date
2024-03-25 00:23:29,260 - INFO - Filename: Virtous.05-31-2023 - securities.csv 2023-05-31 matches pattern1
2024-03-25 00:23:29,261 - INFO - Loading /Users/kumkumbiswal/Desktop/Suhas/GIC/Dataset 1/Dataset/external-funds/Virtous.05-31-2023 - securities.csv into DB
2024-03-25 00:23:29,268 - INFO - Number of records loaded : 71 into DB
2024-03-25 00:23:29,270 - INFO - Splitting the filename: Leeder.03_31_2023.csv to extract FundName and Date
2024-03-25 00:23:29,270 - INFO - Filename: Leeder.03_31_2023.csv matches pattern2
2024-03-25 00:23:29,271 - INFO - Loading /Users/kumkumbiswal/Desktop/Suhas/GIC/Dataset 1/Dataset/external-funds/Leeder.03_31_2023.csv into DB
2024-03-25 00:23:29,278 - INFO - Number of records loaded : 87 into DB
2024-03-25 00:23:29,280 - INFO - Splitting the filename: mend-report Wallington.30_06_2023.csv to extract FundName and Date
2024-03-25 00:23:29,280 - INFO - Filename: mend-report Wallington.30_06_2023.csv matches pattern2
2024-03-25 00:23:29,281 - INFO - Loading /Users/kumkumbiswal/Desktop/Suhas/GIC/Dataset 1/Dataset/external-funds/mend-report Wallington.30_06_2023.csv into DB
2024-03-25 00:23:29,288 - INFO - Number of records loaded : 76 into DB
2024-03-25 00:23:29,290 - INFO - Splitting the filename: rpt-Catalysm.2023-04-30.csv to extract FundName and Date
2024-03-25 00:23:29,290 - INFO - Filename: rpt-Catalysm.2023-04-30.csv matches pattern3
2024-03-25 00:23:29,291 - INFO - Loading /Users/kumkumbiswal/Desktop/Suhas/GIC/Dataset 1/Dataset/external-funds/rpt-Catalysm.2023-04-30.csv into DB
2024-03-25 00:23:29,298 - INFO - Number of records loaded : 82 into DB
2024-03-25 00:23:29,300 - INFO - Splitting the filename: Virtous.01-31-2023 - securities.csv to extract FundName and Date
2024-03-25 00:23:29,300 - INFO - Filename: Virtous.01-31-2023 - securities.csv 2023-01-31 matches pattern1
2024-03-25 00:23:29,301 - INFO - Loading /Users/kumkumbiswal/Desktop/Suhas/GIC/Dataset 1/Dataset/external-funds/Virtous.01-31-2023 - securities.csv into DB
2024-03-25 00:23:29,308 - INFO - Number of records loaded : 71 into DB
2024-03-25 00:23:29,310 - INFO - Splitting the filename: Magnum.31-10-2022.csv to extract FundName and Date
2024-03-25 00:23:29,310 - INFO - Filename: Magnum.31-10-2022.csv 2022-10-31 matches pattern1
2024-03-25 00:23:29,311 - INFO - Loading /Users/kumkumbiswal/Desktop/Suhas/GIC/Dataset 1/Dataset/external-funds/Magnum.31-10-2022.csv into DB
2024-03-25 00:23:29,318 - INFO - Number of records loaded : 87 into DB
2024-03-25 00:23:29,319 - INFO - Splitting the filename: Report-of-Gohen.12-31-2022.csv to extract FundName and Date
2024-03-25 00:23:29,319 - INFO - Filename: Report-of-Gohen.12-31-2022.csv 2022-12-31 matches pattern1
2024-03-25 00:23:29,320 - INFO - Loading /Users/kumkumbiswal/Desktop/Suhas/GIC/Dataset 1/Dataset/external-funds/Report-of-Gohen.12-31-2022.csv into DB
2024-03-25 00:23:29,326 - INFO - Number of records loaded : 71 into DB
2024-03-25 00:23:29,329 - INFO - Splitting the filename: Virtous.12-31-2022 - securities.csv to extract FundName and Date
2024-03-25 00:23:29,329 - INFO - Filename: Virtous.12-31-2022 - securities.csv 2022-12-31 matches pattern1
2024-03-25 00:23:29,329 - INFO - Loading /Users/kumkumbiswal/Desktop/Suhas/GIC/Dataset 1/Dataset/external-funds/Virtous.12-31-2022 - securities.csv into DB
2024-03-25 00:23:29,336 - INFO - Number of records loaded : 71 into DB
2024-03-25 00:23:29,338 - INFO - Splitting the filename: mend-report Wallington.31_05_2023.csv to extract FundName and Date
2024-03-25 00:23:29,338 - INFO - Filename: mend-report Wallington.31_05_2023.csv matches pattern2
2024-03-25 00:23:29,339 - INFO - Loading /Users/kumkumbiswal/Desktop/Suhas/GIC/Dataset 1/Dataset/external-funds/mend-report Wallington.31_05_2023.csv into DB
2024-03-25 00:23:29,346 - INFO - Number of records loaded : 76 into DB
2024-03-25 00:23:29,348 - INFO - Splitting the filename: rpt-Catalysm.2023-08-31.csv to extract FundName and Date
2024-03-25 00:23:29,348 - INFO - Filename: rpt-Catalysm.2023-08-31.csv matches pattern3
2024-03-25 00:23:29,348 - INFO - Loading /Users/kumkumbiswal/Desktop/Suhas/GIC/Dataset 1/Dataset/external-funds/rpt-Catalysm.2023-08-31.csv into DB
2024-03-25 00:23:29,355 - INFO - Number of records loaded : 82 into DB
2024-03-25 00:23:29,357 - INFO - Splitting the filename: rpt-Catalysm.2023-06-30.csv to extract FundName and Date
2024-03-25 00:23:29,357 - INFO - Filename: rpt-Catalysm.2023-06-30.csv matches pattern3
2024-03-25 00:23:29,358 - INFO - Loading /Users/kumkumbiswal/Desktop/Suhas/GIC/Dataset 1/Dataset/external-funds/rpt-Catalysm.2023-06-30.csv into DB
2024-03-25 00:23:29,365 - INFO - Number of records loaded : 82 into DB
2024-03-25 00:23:29,366 - INFO - Splitting the filename: Leeder.06_30_2023.csv to extract FundName and Date
2024-03-25 00:23:29,367 - INFO - Filename: Leeder.06_30_2023.csv matches pattern2
2024-03-25 00:23:29,367 - INFO - Loading /Users/kumkumbiswal/Desktop/Suhas/GIC/Dataset 1/Dataset/external-funds/Leeder.06_30_2023.csv into DB
2024-03-25 00:23:29,375 - INFO - Number of records loaded : 87 into DB
2024-03-25 00:23:29,377 - INFO - Splitting the filename: Belaware.31_08_2022.csv to extract FundName and Date
2024-03-25 00:23:29,377 - INFO - Filename: Belaware.31_08_2022.csv matches pattern2
2024-03-25 00:23:29,378 - INFO - Loading /Users/kumkumbiswal/Desktop/Suhas/GIC/Dataset 1/Dataset/external-funds/Belaware.31_08_2022.csv into DB
2024-03-25 00:23:29,386 - INFO - Number of records loaded : 88 into DB
2024-03-25 00:23:29,388 - INFO - Splitting the filename: Applebead.28-02-2023 breakdown.csv to extract FundName and Date
2024-03-25 00:23:29,388 - INFO - Filename: Applebead.28-02-2023 breakdown.csv 2023-02-28 matches pattern1
2024-03-25 00:23:29,388 - INFO - Loading /Users/kumkumbiswal/Desktop/Suhas/GIC/Dataset 1/Dataset/external-funds/Applebead.28-02-2023 breakdown.csv into DB
2024-03-25 00:23:29,396 - INFO - Number of records loaded : 79 into DB
2024-03-25 00:23:29,398 - INFO - Splitting the filename: Belaware.31_08_2023.csv to extract FundName and Date
2024-03-25 00:23:29,398 - INFO - Filename: Belaware.31_08_2023.csv matches pattern2
2024-03-25 00:23:29,399 - INFO - Loading /Users/kumkumbiswal/Desktop/Suhas/GIC/Dataset 1/Dataset/external-funds/Belaware.31_08_2023.csv into DB
2024-03-25 00:23:29,406 - INFO - Number of records loaded : 88 into DB
2024-03-25 00:23:29,408 - INFO - Splitting the filename: Virtous.08-31-2022 - securities.csv to extract FundName and Date
2024-03-25 00:23:29,408 - INFO - Filename: Virtous.08-31-2022 - securities.csv 2022-08-31 matches pattern1
2024-03-25 00:23:29,409 - INFO - Loading /Users/kumkumbiswal/Desktop/Suhas/GIC/Dataset 1/Dataset/external-funds/Virtous.08-31-2022 - securities.csv into DB
2024-03-25 00:23:29,415 - INFO - Number of records loaded : 71 into DB
2024-03-25 00:23:29,417 - INFO - Splitting the filename: TT_monthly_Trustmind.20230228.csv to extract FundName and Date
2024-03-25 00:23:29,417 - INFO - Filename: TT_monthly_Trustmind.20230228.csv matches pattern4
2024-03-25 00:23:29,417 - INFO - Loading /Users/kumkumbiswal/Desktop/Suhas/GIC/Dataset 1/Dataset/external-funds/TT_monthly_Trustmind.20230228.csv into DB
2024-03-25 00:23:29,425 - INFO - Number of records loaded : 75 into DB
2024-03-25 00:23:29,427 - INFO - Splitting the filename: Applebead.31-12-2022 breakdown.csv to extract FundName and Date
2024-03-25 00:23:29,427 - INFO - Filename: Applebead.31-12-2022 breakdown.csv 2022-12-31 matches pattern1
2024-03-25 00:23:29,427 - INFO - Loading /Users/kumkumbiswal/Desktop/Suhas/GIC/Dataset 1/Dataset/external-funds/Applebead.31-12-2022 breakdown.csv into DB
2024-03-25 00:23:29,434 - INFO - Number of records loaded : 79 into DB
2024-03-25 00:23:29,436 - INFO - Splitting the filename: Magnum.31-07-2023.csv to extract FundName and Date
2024-03-25 00:23:29,436 - INFO - Filename: Magnum.31-07-2023.csv 2023-07-31 matches pattern1
2024-03-25 00:23:29,437 - INFO - Loading /Users/kumkumbiswal/Desktop/Suhas/GIC/Dataset 1/Dataset/external-funds/Magnum.31-07-2023.csv into DB
2024-03-25 00:23:29,445 - INFO - Number of records loaded : 87 into DB
2024-03-25 00:23:29,446 - INFO - Splitting the filename: rpt-Catalysm.2022-12-31.csv to extract FundName and Date
2024-03-25 00:23:29,446 - INFO - Filename: rpt-Catalysm.2022-12-31.csv matches pattern3
2024-03-25 00:23:29,447 - INFO - Loading /Users/kumkumbiswal/Desktop/Suhas/GIC/Dataset 1/Dataset/external-funds/rpt-Catalysm.2022-12-31.csv into DB
2024-03-25 00:23:29,455 - INFO - Number of records loaded : 82 into DB
2024-03-25 00:23:29,456 - INFO - Splitting the filename: Virtous.06-30-2023 - securities.csv to extract FundName and Date
2024-03-25 00:23:29,456 - INFO - Filename: Virtous.06-30-2023 - securities.csv 2023-06-30 matches pattern1
2024-03-25 00:23:29,457 - INFO - Loading /Users/kumkumbiswal/Desktop/Suhas/GIC/Dataset 1/Dataset/external-funds/Virtous.06-30-2023 - securities.csv into DB
2024-03-25 00:23:29,463 - INFO - Number of records loaded : 71 into DB
2024-03-25 00:23:29,465 - INFO - Splitting the filename: mend-report Wallington.31_12_2022.csv to extract FundName and Date
2024-03-25 00:23:29,465 - INFO - Filename: mend-report Wallington.31_12_2022.csv matches pattern2
2024-03-25 00:23:29,466 - INFO - Loading /Users/kumkumbiswal/Desktop/Suhas/GIC/Dataset 1/Dataset/external-funds/mend-report Wallington.31_12_2022.csv into DB
2024-03-25 00:23:29,472 - INFO - Number of records loaded : 76 into DB
2024-03-25 00:23:29,474 - INFO - Splitting the filename: Applebead.30-04-2023 breakdown.csv to extract FundName and Date
2024-03-25 00:23:29,474 - INFO - Filename: Applebead.30-04-2023 breakdown.csv 2023-04-30 matches pattern1
2024-03-25 00:23:29,475 - INFO - Loading /Users/kumkumbiswal/Desktop/Suhas/GIC/Dataset 1/Dataset/external-funds/Applebead.30-04-2023 breakdown.csv into DB
2024-03-25 00:23:29,481 - INFO - Number of records loaded : 79 into DB
2024-03-25 00:23:29,483 - INFO - Splitting the filename: Magnum.30-04-2023.csv to extract FundName and Date
2024-03-25 00:23:29,483 - INFO - Filename: Magnum.30-04-2023.csv 2023-04-30 matches pattern1
2024-03-25 00:23:29,484 - INFO - Loading /Users/kumkumbiswal/Desktop/Suhas/GIC/Dataset 1/Dataset/external-funds/Magnum.30-04-2023.csv into DB
2024-03-25 00:23:29,491 - INFO - Number of records loaded : 87 into DB
2024-03-25 00:23:29,492 - INFO - Splitting the filename: TT_monthly_Trustmind.20220831.csv to extract FundName and Date
2024-03-25 00:23:29,492 - INFO - Filename: TT_monthly_Trustmind.20220831.csv matches pattern4
2024-03-25 00:23:29,493 - INFO - Loading /Users/kumkumbiswal/Desktop/Suhas/GIC/Dataset 1/Dataset/external-funds/TT_monthly_Trustmind.20220831.csv into DB
2024-03-25 00:23:29,500 - INFO - Number of records loaded : 75 into DB
2024-03-25 00:23:29,502 - INFO - Splitting the filename: Virtous.11-30-2022 - securities.csv to extract FundName and Date
2024-03-25 00:23:29,502 - INFO - Filename: Virtous.11-30-2022 - securities.csv 2022-11-30 matches pattern1
2024-03-25 00:23:29,503 - INFO - Loading /Users/kumkumbiswal/Desktop/Suhas/GIC/Dataset 1/Dataset/external-funds/Virtous.11-30-2022 - securities.csv into DB
2024-03-25 00:23:29,509 - INFO - Number of records loaded : 71 into DB
2024-03-25 00:23:29,511 - INFO - Splitting the filename: Fund Whitestone.30-09-2022 - details.csv to extract FundName and Date
2024-03-25 00:23:29,511 - INFO - Filename: Fund Whitestone.30-09-2022 - details.csv 2022-09-30 matches pattern1
2024-03-25 00:23:29,512 - INFO - Loading /Users/kumkumbiswal/Desktop/Suhas/GIC/Dataset 1/Dataset/external-funds/Fund Whitestone.30-09-2022 - details.csv into DB
2024-03-25 00:23:29,519 - INFO - Number of records loaded : 77 into DB
2024-03-25 00:23:29,520 - INFO - Splitting the filename: mend-report Wallington.30_11_2022.csv to extract FundName and Date
2024-03-25 00:23:29,520 - INFO - Filename: mend-report Wallington.30_11_2022.csv matches pattern2
2024-03-25 00:23:29,521 - INFO - Loading /Users/kumkumbiswal/Desktop/Suhas/GIC/Dataset 1/Dataset/external-funds/mend-report Wallington.30_11_2022.csv into DB
2024-03-25 00:23:29,528 - INFO - Number of records loaded : 76 into DB
2024-03-25 00:23:29,530 - INFO - Splitting the filename: Belaware.31_03_2023.csv to extract FundName and Date
2024-03-25 00:23:29,530 - INFO - Filename: Belaware.31_03_2023.csv matches pattern2
2024-03-25 00:23:29,531 - INFO - Loading /Users/kumkumbiswal/Desktop/Suhas/GIC/Dataset 1/Dataset/external-funds/Belaware.31_03_2023.csv into DB
2024-03-25 00:23:29,540 - INFO - Number of records loaded : 88 into DB
2024-03-25 00:23:29,542 - INFO - Splitting the filename: Applebead.31-03-2023 breakdown.csv to extract FundName and Date
2024-03-25 00:23:29,542 - INFO - Filename: Applebead.31-03-2023 breakdown.csv 2023-03-31 matches pattern1
2024-03-25 00:23:29,543 - INFO - Loading /Users/kumkumbiswal/Desktop/Suhas/GIC/Dataset 1/Dataset/external-funds/Applebead.31-03-2023 breakdown.csv into DB
2024-03-25 00:23:29,550 - INFO - Number of records loaded : 79 into DB
2024-03-25 00:23:29,551 - INFO - Splitting the filename: TT_monthly_Trustmind.20221130.csv to extract FundName and Date
2024-03-25 00:23:29,552 - INFO - Filename: TT_monthly_Trustmind.20221130.csv matches pattern4
2024-03-25 00:23:29,552 - INFO - Loading /Users/kumkumbiswal/Desktop/Suhas/GIC/Dataset 1/Dataset/external-funds/TT_monthly_Trustmind.20221130.csv into DB
2024-03-25 00:23:29,560 - INFO - Number of records loaded : 75 into DB
2024-03-25 00:23:29,562 - INFO - Splitting the filename: Fund Whitestone.31-08-2022 - details.csv to extract FundName and Date
2024-03-25 00:23:29,562 - INFO - Filename: Fund Whitestone.31-08-2022 - details.csv 2022-08-31 matches pattern1
2024-03-25 00:23:29,563 - INFO - Loading /Users/kumkumbiswal/Desktop/Suhas/GIC/Dataset 1/Dataset/external-funds/Fund Whitestone.31-08-2022 - details.csv into DB
2024-03-25 00:23:29,570 - INFO - Number of records loaded : 77 into DB
2024-03-25 00:23:29,571 - INFO - Splitting the filename: Magnum.30-09-2022.csv to extract FundName and Date
2024-03-25 00:23:29,572 - INFO - Filename: Magnum.30-09-2022.csv 2022-09-30 matches pattern1
2024-03-25 00:23:29,572 - INFO - Loading /Users/kumkumbiswal/Desktop/Suhas/GIC/Dataset 1/Dataset/external-funds/Magnum.30-09-2022.csv into DB
2024-03-25 00:23:29,582 - INFO - Number of records loaded : 87 into DB
2024-03-25 00:23:29,584 - INFO - Splitting the filename: mend-report Wallington.28_02_2023.csv to extract FundName and Date
2024-03-25 00:23:29,584 - INFO - Filename: mend-report Wallington.28_02_2023.csv matches pattern2
2024-03-25 00:23:29,585 - INFO - Loading /Users/kumkumbiswal/Desktop/Suhas/GIC/Dataset 1/Dataset/external-funds/mend-report Wallington.28_02_2023.csv into DB
2024-03-25 00:23:29,592 - INFO - Number of records loaded : 76 into DB
2024-03-25 00:23:29,594 - INFO - Splitting the filename: Report-of-Gohen.01-31-2023.csv to extract FundName and Date
2024-03-25 00:23:29,594 - INFO - Filename: Report-of-Gohen.01-31-2023.csv 2023-01-31 matches pattern1
2024-03-25 00:23:29,595 - INFO - Loading /Users/kumkumbiswal/Desktop/Suhas/GIC/Dataset 1/Dataset/external-funds/Report-of-Gohen.01-31-2023.csv into DB
2024-03-25 00:23:29,605 - INFO - Number of records loaded : 71 into DB
2024-03-25 00:23:29,607 - INFO - Splitting the filename: Applebead.31-08-2023 breakdown.csv to extract FundName and Date
2024-03-25 00:23:29,607 - INFO - Filename: Applebead.31-08-2023 breakdown.csv 2023-08-31 matches pattern1
2024-03-25 00:23:29,608 - INFO - Loading /Users/kumkumbiswal/Desktop/Suhas/GIC/Dataset 1/Dataset/external-funds/Applebead.31-08-2023 breakdown.csv into DB
2024-03-25 00:23:29,616 - INFO - Number of records loaded : 79 into DB
2024-03-25 00:23:29,618 - INFO - Splitting the filename: Applebead.31-05-2023 breakdown.csv to extract FundName and Date
2024-03-25 00:23:29,618 - INFO - Filename: Applebead.31-05-2023 breakdown.csv 2023-05-31 matches pattern1
2024-03-25 00:23:29,619 - INFO - Loading /Users/kumkumbiswal/Desktop/Suhas/GIC/Dataset 1/Dataset/external-funds/Applebead.31-05-2023 breakdown.csv into DB
2024-03-25 00:23:29,626 - INFO - Number of records loaded : 79 into DB
2024-03-25 00:23:29,628 - INFO - Splitting the filename: Leeder.10_31_2022.csv to extract FundName and Date
2024-03-25 00:23:29,628 - INFO - Filename: Leeder.10_31_2022.csv matches pattern2
2024-03-25 00:23:29,629 - INFO - Loading /Users/kumkumbiswal/Desktop/Suhas/GIC/Dataset 1/Dataset/external-funds/Leeder.10_31_2022.csv into DB
2024-03-25 00:23:29,637 - INFO - Number of records loaded : 87 into DB
2024-03-25 00:23:29,639 - INFO - Splitting the filename: Leeder.02_28_2023.csv to extract FundName and Date
2024-03-25 00:23:29,639 - INFO - Filename: Leeder.02_28_2023.csv matches pattern2
2024-03-25 00:23:29,639 - INFO - Loading /Users/kumkumbiswal/Desktop/Suhas/GIC/Dataset 1/Dataset/external-funds/Leeder.02_28_2023.csv into DB
2024-03-25 00:23:29,647 - INFO - Number of records loaded : 87 into DB
2024-03-25 00:23:29,649 - INFO - Splitting the filename: Magnum.31-01-2023.csv to extract FundName and Date
2024-03-25 00:23:29,649 - INFO - Filename: Magnum.31-01-2023.csv 2023-01-31 matches pattern1
2024-03-25 00:23:29,650 - INFO - Loading /Users/kumkumbiswal/Desktop/Suhas/GIC/Dataset 1/Dataset/external-funds/Magnum.31-01-2023.csv into DB
2024-03-25 00:23:29,657 - INFO - Number of records loaded : 87 into DB
2024-03-25 00:23:29,658 - INFO - Splitting the filename: Virtous.02-28-2023 - securities.csv to extract FundName and Date
2024-03-25 00:23:29,658 - INFO - Filename: Virtous.02-28-2023 - securities.csv 2023-02-28 matches pattern1
2024-03-25 00:23:29,659 - INFO - Loading /Users/kumkumbiswal/Desktop/Suhas/GIC/Dataset 1/Dataset/external-funds/Virtous.02-28-2023 - securities.csv into DB
2024-03-25 00:23:29,666 - INFO - Number of records loaded : 71 into DB
2024-03-25 00:23:29,668 - INFO - Splitting the filename: Belaware.30_06_2023.csv to extract FundName and Date
2024-03-25 00:23:29,668 - INFO - Filename: Belaware.30_06_2023.csv matches pattern2
2024-03-25 00:23:29,668 - INFO - Loading /Users/kumkumbiswal/Desktop/Suhas/GIC/Dataset 1/Dataset/external-funds/Belaware.30_06_2023.csv into DB
2024-03-25 00:23:29,676 - INFO - Number of records loaded : 88 into DB
2024-03-25 00:23:29,677 - INFO - Splitting the filename: Report-of-Gohen.08-31-2023.csv to extract FundName and Date
2024-03-25 00:23:29,678 - INFO - Filename: Report-of-Gohen.08-31-2023.csv 2023-08-31 matches pattern1
2024-03-25 00:23:29,678 - INFO - Loading /Users/kumkumbiswal/Desktop/Suhas/GIC/Dataset 1/Dataset/external-funds/Report-of-Gohen.08-31-2023.csv into DB
2024-03-25 00:23:29,685 - INFO - Number of records loaded : 71 into DB
2024-03-25 00:23:29,686 - INFO - Splitting the filename: Leeder.05_31_2023.csv to extract FundName and Date
2024-03-25 00:23:29,686 - INFO - Filename: Leeder.05_31_2023.csv matches pattern2
2024-03-25 00:23:29,687 - INFO - Loading /Users/kumkumbiswal/Desktop/Suhas/GIC/Dataset 1/Dataset/external-funds/Leeder.05_31_2023.csv into DB
2024-03-25 00:23:29,695 - INFO - Number of records loaded : 87 into DB
2024-03-25 00:23:29,696 - INFO - Splitting the filename: Report-of-Gohen.08-31-2022.csv to extract FundName and Date
2024-03-25 00:23:29,696 - INFO - Filename: Report-of-Gohen.08-31-2022.csv 2022-08-31 matches pattern1
2024-03-25 00:23:29,697 - INFO - Loading /Users/kumkumbiswal/Desktop/Suhas/GIC/Dataset 1/Dataset/external-funds/Report-of-Gohen.08-31-2022.csv into DB
2024-03-25 00:23:29,704 - INFO - Number of records loaded : 71 into DB
2024-03-25 00:23:29,706 - INFO - Splitting the filename: rpt-Catalysm.2022-08-31.csv to extract FundName and Date
2024-03-25 00:23:29,706 - INFO - Filename: rpt-Catalysm.2022-08-31.csv matches pattern3
2024-03-25 00:23:29,707 - INFO - Loading /Users/kumkumbiswal/Desktop/Suhas/GIC/Dataset 1/Dataset/external-funds/rpt-Catalysm.2022-08-31.csv into DB
2024-03-25 00:23:29,714 - INFO - Number of records loaded : 82 into DB
2024-03-25 00:23:29,716 - INFO - Splitting the filename: Belaware.31_05_2023.csv to extract FundName and Date
2024-03-25 00:23:29,716 - INFO - Filename: Belaware.31_05_2023.csv matches pattern2
2024-03-25 00:23:29,717 - INFO - Loading /Users/kumkumbiswal/Desktop/Suhas/GIC/Dataset 1/Dataset/external-funds/Belaware.31_05_2023.csv into DB
2024-03-25 00:23:29,724 - INFO - Number of records loaded : 88 into DB
2024-03-25 00:23:29,726 - INFO - Splitting the filename: Report-of-Gohen.11-30-2022.csv to extract FundName and Date
2024-03-25 00:23:29,726 - INFO - Filename: Report-of-Gohen.11-30-2022.csv 2022-11-30 matches pattern1
2024-03-25 00:23:29,726 - INFO - Loading /Users/kumkumbiswal/Desktop/Suhas/GIC/Dataset 1/Dataset/external-funds/Report-of-Gohen.11-30-2022.csv into DB
2024-03-25 00:23:29,733 - INFO - Number of records loaded : 71 into DB
2024-03-25 00:23:29,734 - INFO - Splitting the filename: TT_monthly_Trustmind.20220930.csv to extract FundName and Date
2024-03-25 00:23:29,734 - INFO - Filename: TT_monthly_Trustmind.20220930.csv matches pattern4
2024-03-25 00:23:29,735 - INFO - Loading /Users/kumkumbiswal/Desktop/Suhas/GIC/Dataset 1/Dataset/external-funds/TT_monthly_Trustmind.20220930.csv into DB
2024-03-25 00:23:29,742 - INFO - Number of records loaded : 75 into DB
2024-03-25 00:23:29,743 - INFO - Splitting the filename: mend-report Wallington.31_08_2022.csv to extract FundName and Date
2024-03-25 00:23:29,744 - INFO - Filename: mend-report Wallington.31_08_2022.csv matches pattern2
2024-03-25 00:23:29,744 - INFO - Loading /Users/kumkumbiswal/Desktop/Suhas/GIC/Dataset 1/Dataset/external-funds/mend-report Wallington.31_08_2022.csv into DB
2024-03-25 00:23:29,751 - INFO - Number of records loaded : 76 into DB
2024-03-25 00:23:29,753 - INFO - Splitting the filename: Virtous.08-31-2023 - securities.csv to extract FundName and Date
2024-03-25 00:23:29,753 - INFO - Filename: Virtous.08-31-2023 - securities.csv 2023-08-31 matches pattern1
2024-03-25 00:23:29,754 - INFO - Loading /Users/kumkumbiswal/Desktop/Suhas/GIC/Dataset 1/Dataset/external-funds/Virtous.08-31-2023 - securities.csv into DB
2024-03-25 00:23:29,760 - INFO - Number of records loaded : 71 into DB
2024-03-25 00:23:29,762 - INFO - Splitting the filename: TT_monthly_Trustmind.20221031.csv to extract FundName and Date
2024-03-25 00:23:29,762 - INFO - Filename: TT_monthly_Trustmind.20221031.csv matches pattern4
2024-03-25 00:23:29,763 - INFO - Loading /Users/kumkumbiswal/Desktop/Suhas/GIC/Dataset 1/Dataset/external-funds/TT_monthly_Trustmind.20221031.csv into DB
2024-03-25 00:23:29,769 - INFO - Number of records loaded : 75 into DB
2024-03-25 00:23:29,771 - INFO - Splitting the filename: mend-report Wallington.31_08_2023.csv to extract FundName and Date
2024-03-25 00:23:29,771 - INFO - Filename: mend-report Wallington.31_08_2023.csv matches pattern2
2024-03-25 00:23:29,772 - INFO - Loading /Users/kumkumbiswal/Desktop/Suhas/GIC/Dataset 1/Dataset/external-funds/mend-report Wallington.31_08_2023.csv into DB
2024-03-25 00:23:29,779 - INFO - Number of records loaded : 76 into DB
2024-03-25 00:23:29,780 - INFO - Splitting the filename: Report-of-Gohen.04-30-2023.csv to extract FundName and Date
2024-03-25 00:23:29,780 - INFO - Filename: Report-of-Gohen.04-30-2023.csv 2023-04-30 matches pattern1
2024-03-25 00:23:29,781 - INFO - Loading /Users/kumkumbiswal/Desktop/Suhas/GIC/Dataset 1/Dataset/external-funds/Report-of-Gohen.04-30-2023.csv into DB
2024-03-25 00:23:29,788 - INFO - Number of records loaded : 71 into DB
2024-03-25 00:23:29,789 - INFO - Splitting the filename: Leeder.09_30_2022.csv to extract FundName and Date
2024-03-25 00:23:29,789 - INFO - Filename: Leeder.09_30_2022.csv matches pattern2
2024-03-25 00:23:29,790 - INFO - Loading /Users/kumkumbiswal/Desktop/Suhas/GIC/Dataset 1/Dataset/external-funds/Leeder.09_30_2022.csv into DB
2024-03-25 00:23:29,798 - INFO - Number of records loaded : 87 into DB
2024-03-25 00:23:29,799 - INFO - Splitting the filename: Belaware.31_12_2022.csv to extract FundName and Date
2024-03-25 00:23:29,799 - INFO - Filename: Belaware.31_12_2022.csv matches pattern2
2024-03-25 00:23:29,800 - INFO - Loading /Users/kumkumbiswal/Desktop/Suhas/GIC/Dataset 1/Dataset/external-funds/Belaware.31_12_2022.csv into DB
2024-03-25 00:23:29,807 - INFO - Number of records loaded : 88 into DB
2024-03-25 00:23:29,809 - INFO - Splitting the filename: TT_monthly_Trustmind.20221231.csv to extract FundName and Date
2024-03-25 00:23:29,809 - INFO - Filename: TT_monthly_Trustmind.20221231.csv matches pattern4
2024-03-25 00:23:29,809 - INFO - Loading /Users/kumkumbiswal/Desktop/Suhas/GIC/Dataset 1/Dataset/external-funds/TT_monthly_Trustmind.20221231.csv into DB
2024-03-25 00:23:29,816 - INFO - Number of records loaded : 75 into DB
2024-03-25 00:23:29,818 - INFO - Splitting the filename: Fund Whitestone.30-11-2022 - details.csv to extract FundName and Date
2024-03-25 00:23:29,818 - INFO - Filename: Fund Whitestone.30-11-2022 - details.csv 2022-11-30 matches pattern1
2024-03-25 00:23:29,819 - INFO - Loading /Users/kumkumbiswal/Desktop/Suhas/GIC/Dataset 1/Dataset/external-funds/Fund Whitestone.30-11-2022 - details.csv into DB
2024-03-25 00:23:29,826 - INFO - Number of records loaded : 77 into DB
2024-03-25 00:23:29,827 - INFO - Splitting the filename: mend-report Wallington.31_03_2023.csv to extract FundName and Date
2024-03-25 00:23:29,828 - INFO - Filename: mend-report Wallington.31_03_2023.csv matches pattern2
2024-03-25 00:23:29,828 - INFO - Loading /Users/kumkumbiswal/Desktop/Suhas/GIC/Dataset 1/Dataset/external-funds/mend-report Wallington.31_03_2023.csv into DB
2024-03-25 00:23:29,835 - INFO - Number of records loaded : 76 into DB
2024-03-25 00:23:29,837 - INFO - Splitting the filename: Belaware.30_11_2022.csv to extract FundName and Date
2024-03-25 00:23:29,837 - INFO - Filename: Belaware.30_11_2022.csv matches pattern2
2024-03-25 00:23:29,838 - INFO - Loading /Users/kumkumbiswal/Desktop/Suhas/GIC/Dataset 1/Dataset/external-funds/Belaware.30_11_2022.csv into DB
2024-03-25 00:23:29,846 - INFO - Number of records loaded : 88 into DB
2024-03-25 00:23:29,847 - INFO - Splitting the filename: Fund Whitestone.31-07-2023 - details.csv to extract FundName and Date
2024-03-25 00:23:29,847 - INFO - Filename: Fund Whitestone.31-07-2023 - details.csv 2023-07-31 matches pattern1
2024-03-25 00:23:29,848 - INFO - Loading /Users/kumkumbiswal/Desktop/Suhas/GIC/Dataset 1/Dataset/external-funds/Fund Whitestone.31-07-2023 - details.csv into DB
2024-03-25 00:23:29,855 - INFO - Number of records loaded : 77 into DB
2024-03-25 00:23:29,856 - INFO - Splitting the filename: rpt-Catalysm.2023-05-31.csv to extract FundName and Date
2024-03-25 00:23:29,856 - INFO - Filename: rpt-Catalysm.2023-05-31.csv matches pattern3
2024-03-25 00:23:29,857 - INFO - Loading /Users/kumkumbiswal/Desktop/Suhas/GIC/Dataset 1/Dataset/external-funds/rpt-Catalysm.2023-05-31.csv into DB
2024-03-25 00:23:29,864 - INFO - Number of records loaded : 82 into DB
2024-03-25 00:23:29,866 - INFO - Splitting the filename: Magnum.31-05-2023.csv to extract FundName and Date
2024-03-25 00:23:29,866 - INFO - Filename: Magnum.31-05-2023.csv 2023-05-31 matches pattern1
2024-03-25 00:23:29,867 - INFO - Loading /Users/kumkumbiswal/Desktop/Suhas/GIC/Dataset 1/Dataset/external-funds/Magnum.31-05-2023.csv into DB
2024-03-25 00:23:29,874 - INFO - Number of records loaded : 87 into DB
2024-03-25 00:23:29,876 - INFO - Splitting the filename: Report-of-Gohen.03-31-2023.csv to extract FundName and Date
2024-03-25 00:23:29,876 - INFO - Filename: Report-of-Gohen.03-31-2023.csv 2023-03-31 matches pattern1
2024-03-25 00:23:29,876 - INFO - Loading /Users/kumkumbiswal/Desktop/Suhas/GIC/Dataset 1/Dataset/external-funds/Report-of-Gohen.03-31-2023.csv into DB
2024-03-25 00:23:29,883 - INFO - Number of records loaded : 71 into DB
2024-03-25 00:23:29,885 - INFO - Splitting the filename: TT_monthly_Trustmind.20230331.csv to extract FundName and Date
2024-03-25 00:23:29,885 - INFO - Filename: TT_monthly_Trustmind.20230331.csv matches pattern4
2024-03-25 00:23:29,886 - INFO - Loading /Users/kumkumbiswal/Desktop/Suhas/GIC/Dataset 1/Dataset/external-funds/TT_monthly_Trustmind.20230331.csv into DB
2024-03-25 00:23:29,893 - INFO - Number of records loaded : 75 into DB
2024-03-25 00:23:29,895 - INFO - Splitting the filename: mend-report Wallington.31_10_2022.csv to extract FundName and Date
2024-03-25 00:23:29,895 - INFO - Filename: mend-report Wallington.31_10_2022.csv matches pattern2
2024-03-25 00:23:29,895 - INFO - Loading /Users/kumkumbiswal/Desktop/Suhas/GIC/Dataset 1/Dataset/external-funds/mend-report Wallington.31_10_2022.csv into DB
2024-03-25 00:23:29,929 - INFO - Number of records loaded : 76 into DB
2024-03-25 00:23:29,931 - INFO - Splitting the filename: Magnum.30-06-2023.csv to extract FundName and Date
2024-03-25 00:23:29,931 - INFO - Filename: Magnum.30-06-2023.csv 2023-06-30 matches pattern1
2024-03-25 00:23:29,932 - INFO - Loading /Users/kumkumbiswal/Desktop/Suhas/GIC/Dataset 1/Dataset/external-funds/Magnum.30-06-2023.csv into DB
2024-03-25 00:23:29,941 - INFO - Number of records loaded : 87 into DB
2024-03-25 00:23:29,944 - INFO - Splitting the filename: Leeder.12_31_2022.csv to extract FundName and Date
2024-03-25 00:23:29,944 - INFO - Filename: Leeder.12_31_2022.csv matches pattern2
2024-03-25 00:23:29,945 - INFO - Loading /Users/kumkumbiswal/Desktop/Suhas/GIC/Dataset 1/Dataset/external-funds/Leeder.12_31_2022.csv into DB
2024-03-25 00:23:29,953 - INFO - Number of records loaded : 87 into DB
2024-03-25 00:23:29,956 - INFO - Splitting the filename: Belaware.31_01_2023.csv to extract FundName and Date
2024-03-25 00:23:29,956 - INFO - Filename: Belaware.31_01_2023.csv matches pattern2
2024-03-25 00:23:29,956 - INFO - Loading /Users/kumkumbiswal/Desktop/Suhas/GIC/Dataset 1/Dataset/external-funds/Belaware.31_01_2023.csv into DB
2024-03-25 00:23:29,964 - INFO - Number of records loaded : 88 into DB
2024-03-25 00:23:29,965 - INFO - Splitting the filename: rpt-Catalysm.2022-11-30.csv to extract FundName and Date
2024-03-25 00:23:29,965 - INFO - Filename: rpt-Catalysm.2022-11-30.csv matches pattern3
2024-03-25 00:23:29,966 - INFO - Loading /Users/kumkumbiswal/Desktop/Suhas/GIC/Dataset 1/Dataset/external-funds/rpt-Catalysm.2022-11-30.csv into DB
2024-03-25 00:23:29,973 - INFO - Number of records loaded : 82 into DB
2024-03-25 00:23:29,975 - INFO - Splitting the filename: TT_monthly_Trustmind.20230131.csv to extract FundName and Date
2024-03-25 00:23:29,975 - INFO - Filename: TT_monthly_Trustmind.20230131.csv matches pattern4
2024-03-25 00:23:29,976 - INFO - Loading /Users/kumkumbiswal/Desktop/Suhas/GIC/Dataset 1/Dataset/external-funds/TT_monthly_Trustmind.20230131.csv into DB
2024-03-25 00:23:29,982 - INFO - Number of records loaded : 75 into DB
2024-03-25 00:23:29,984 - INFO - Splitting the filename: Applebead.31-07-2023 breakdown.csv to extract FundName and Date
2024-03-25 00:23:29,984 - INFO - Filename: Applebead.31-07-2023 breakdown.csv 2023-07-31 matches pattern1
2024-03-25 00:23:29,985 - INFO - Loading /Users/kumkumbiswal/Desktop/Suhas/GIC/Dataset 1/Dataset/external-funds/Applebead.31-07-2023 breakdown.csv into DB
2024-03-25 00:23:29,992 - INFO - Number of records loaded : 79 into DB
2024-03-25 00:23:29,993 - INFO - Splitting the filename: Applebead.30-11-2022 breakdown.csv to extract FundName and Date
2024-03-25 00:23:29,994 - INFO - Filename: Applebead.30-11-2022 breakdown.csv 2022-11-30 matches pattern1
2024-03-25 00:23:29,994 - INFO - Loading /Users/kumkumbiswal/Desktop/Suhas/GIC/Dataset 1/Dataset/external-funds/Applebead.30-11-2022 breakdown.csv into DB
2024-03-25 00:23:30,002 - INFO - Number of records loaded : 79 into DB
2024-03-25 00:23:30,004 - INFO - Splitting the filename: Belaware.30_09_2022.csv to extract FundName and Date
2024-03-25 00:23:30,004 - INFO - Filename: Belaware.30_09_2022.csv matches pattern2
2024-03-25 00:23:30,004 - INFO - Loading /Users/kumkumbiswal/Desktop/Suhas/GIC/Dataset 1/Dataset/external-funds/Belaware.30_09_2022.csv into DB
2024-03-25 00:23:30,012 - INFO - Number of records loaded : 88 into DB
2024-03-25 00:23:30,013 - INFO - Splitting the filename: Leeder.07_31_2023.csv to extract FundName and Date
2024-03-25 00:23:30,013 - INFO - Filename: Leeder.07_31_2023.csv matches pattern2
2024-03-25 00:23:30,014 - INFO - Loading /Users/kumkumbiswal/Desktop/Suhas/GIC/Dataset 1/Dataset/external-funds/Leeder.07_31_2023.csv into DB
2024-03-25 00:23:30,021 - INFO - Number of records loaded : 87 into DB
2024-03-25 00:23:30,022 - INFO - Splitting the filename: Magnum.30-11-2022.csv to extract FundName and Date
2024-03-25 00:23:30,022 - INFO - Filename: Magnum.30-11-2022.csv 2022-11-30 matches pattern1
2024-03-25 00:23:30,023 - INFO - Loading /Users/kumkumbiswal/Desktop/Suhas/GIC/Dataset 1/Dataset/external-funds/Magnum.30-11-2022.csv into DB
2024-03-25 00:23:30,030 - INFO - Number of records loaded : 87 into DB
2024-03-25 00:23:30,032 - INFO - Splitting the filename: TT_monthly_Trustmind.20230531.csv to extract FundName and Date
2024-03-25 00:23:30,032 - INFO - Filename: TT_monthly_Trustmind.20230531.csv matches pattern4
2024-03-25 00:23:30,033 - INFO - Loading /Users/kumkumbiswal/Desktop/Suhas/GIC/Dataset 1/Dataset/external-funds/TT_monthly_Trustmind.20230531.csv into DB
2024-03-25 00:23:30,040 - INFO - Number of records loaded : 75 into DB
2024-03-25 00:23:30,041 - INFO - Splitting the filename: mend-report Wallington.30_04_2023.csv to extract FundName and Date
2024-03-25 00:23:30,042 - INFO - Filename: mend-report Wallington.30_04_2023.csv matches pattern2
2024-03-25 00:23:30,042 - INFO - Loading /Users/kumkumbiswal/Desktop/Suhas/GIC/Dataset 1/Dataset/external-funds/mend-report Wallington.30_04_2023.csv into DB
2024-03-25 00:23:30,050 - INFO - Number of records loaded : 76 into DB
2024-03-25 00:23:30,052 - INFO - Splitting the filename: Applebead.31-08-2022 breakdown.csv to extract FundName and Date
2024-03-25 00:23:30,052 - INFO - Filename: Applebead.31-08-2022 breakdown.csv 2022-08-31 matches pattern1
2024-03-25 00:23:30,052 - INFO - Loading /Users/kumkumbiswal/Desktop/Suhas/GIC/Dataset 1/Dataset/external-funds/Applebead.31-08-2022 breakdown.csv into DB
2024-03-25 00:23:30,059 - INFO - Number of records loaded : 79 into DB
2024-03-25 00:23:30,061 - INFO - Splitting the filename: Magnum.31-12-2022.csv to extract FundName and Date
2024-03-25 00:23:30,061 - INFO - Filename: Magnum.31-12-2022.csv 2022-12-31 matches pattern1
2024-03-25 00:23:30,062 - INFO - Loading /Users/kumkumbiswal/Desktop/Suhas/GIC/Dataset 1/Dataset/external-funds/Magnum.31-12-2022.csv into DB
2024-03-25 00:23:30,069 - INFO - Number of records loaded : 87 into DB
2024-03-25 00:23:30,071 - INFO - Splitting the filename: Fund Whitestone.31-05-2023 - details.csv to extract FundName and Date
2024-03-25 00:23:30,071 - INFO - Filename: Fund Whitestone.31-05-2023 - details.csv 2023-05-31 matches pattern1
2024-03-25 00:23:30,072 - INFO - Loading /Users/kumkumbiswal/Desktop/Suhas/GIC/Dataset 1/Dataset/external-funds/Fund Whitestone.31-05-2023 - details.csv into DB
2024-03-25 00:23:30,079 - INFO - Number of records loaded : 77 into DB
2024-03-25 00:23:30,081 - INFO - Splitting the filename: Fund Whitestone.31-08-2023 - details.csv to extract FundName and Date
2024-03-25 00:23:30,081 - INFO - Filename: Fund Whitestone.31-08-2023 - details.csv 2023-08-31 matches pattern1
2024-03-25 00:23:30,081 - INFO - Loading /Users/kumkumbiswal/Desktop/Suhas/GIC/Dataset 1/Dataset/external-funds/Fund Whitestone.31-08-2023 - details.csv into DB
2024-03-25 00:23:30,088 - INFO - Number of records loaded : 77 into DB
2024-03-25 00:23:30,090 - INFO - Splitting the filename: mend-report Wallington.31_07_2023.csv to extract FundName and Date
2024-03-25 00:23:30,090 - INFO - Filename: mend-report Wallington.31_07_2023.csv matches pattern2
2024-03-25 00:23:30,091 - INFO - Loading /Users/kumkumbiswal/Desktop/Suhas/GIC/Dataset 1/Dataset/external-funds/mend-report Wallington.31_07_2023.csv into DB
2024-03-25 00:23:30,098 - INFO - Number of records loaded : 76 into DB
2024-03-25 00:23:30,100 - INFO - Splitting the filename: Report-of-Gohen.06-30-2023.csv to extract FundName and Date
2024-03-25 00:23:30,100 - INFO - Filename: Report-of-Gohen.06-30-2023.csv 2023-06-30 matches pattern1
2024-03-25 00:23:30,100 - INFO - Loading /Users/kumkumbiswal/Desktop/Suhas/GIC/Dataset 1/Dataset/external-funds/Report-of-Gohen.06-30-2023.csv into DB
2024-03-25 00:23:30,107 - INFO - Number of records loaded : 71 into DB
2024-03-25 00:23:30,108 - INFO - Splitting the filename: rpt-Catalysm.2023-07-31.csv to extract FundName and Date
2024-03-25 00:23:30,108 - INFO - Filename: rpt-Catalysm.2023-07-31.csv matches pattern3
2024-03-25 00:23:30,109 - INFO - Loading /Users/kumkumbiswal/Desktop/Suhas/GIC/Dataset 1/Dataset/external-funds/rpt-Catalysm.2023-07-31.csv into DB
2024-03-25 00:23:30,116 - INFO - Number of records loaded : 82 into DB
2024-03-25 00:23:30,117 - INFO - Splitting the filename: rpt-Catalysm.2023-02-28.csv to extract FundName and Date
2024-03-25 00:23:30,118 - INFO - Filename: rpt-Catalysm.2023-02-28.csv matches pattern3
2024-03-25 00:23:30,118 - INFO - Loading /Users/kumkumbiswal/Desktop/Suhas/GIC/Dataset 1/Dataset/external-funds/rpt-Catalysm.2023-02-28.csv into DB
2024-03-25 00:23:30,125 - INFO - Number of records loaded : 82 into DB
2024-03-25 00:23:30,127 - INFO - Splitting the filename: TT_monthly_Trustmind.20230731.csv to extract FundName and Date
2024-03-25 00:23:30,127 - INFO - Filename: TT_monthly_Trustmind.20230731.csv matches pattern4
2024-03-25 00:23:30,128 - INFO - Loading /Users/kumkumbiswal/Desktop/Suhas/GIC/Dataset 1/Dataset/external-funds/TT_monthly_Trustmind.20230731.csv into DB
2024-03-25 00:23:30,134 - INFO - Number of records loaded : 75 into DB
2024-03-25 00:23:30,136 - INFO - Splitting the filename: Virtous.10-31-2022 - securities.csv to extract FundName and Date
2024-03-25 00:23:30,136 - INFO - Filename: Virtous.10-31-2022 - securities.csv 2022-10-31 matches pattern1
2024-03-25 00:23:30,137 - INFO - Loading /Users/kumkumbiswal/Desktop/Suhas/GIC/Dataset 1/Dataset/external-funds/Virtous.10-31-2022 - securities.csv into DB
2024-03-25 00:23:30,144 - INFO - Number of records loaded : 71 into DB
2024-03-25 00:23:30,145 - INFO - Splitting the filename: Virtous.03-31-2023 - securities.csv to extract FundName and Date
2024-03-25 00:23:30,145 - INFO - Filename: Virtous.03-31-2023 - securities.csv 2023-03-31 matches pattern1
2024-03-25 00:23:30,146 - INFO - Loading /Users/kumkumbiswal/Desktop/Suhas/GIC/Dataset 1/Dataset/external-funds/Virtous.03-31-2023 - securities.csv into DB
2024-03-25 00:23:30,153 - INFO - Number of records loaded : 71 into DB
2024-03-25 00:23:30,155 - INFO - Splitting the filename: Belaware.31_10_2022.csv to extract FundName and Date
2024-03-25 00:23:30,155 - INFO - Filename: Belaware.31_10_2022.csv matches pattern2
2024-03-25 00:23:30,156 - INFO - Loading /Users/kumkumbiswal/Desktop/Suhas/GIC/Dataset 1/Dataset/external-funds/Belaware.31_10_2022.csv into DB
2024-03-25 00:23:30,163 - INFO - Number of records loaded : 88 into DB
2024-03-25 00:23:30,165 - INFO - Splitting the filename: Leeder.08_31_2023.csv to extract FundName and Date
2024-03-25 00:23:30,165 - INFO - Filename: Leeder.08_31_2023.csv matches pattern2
2024-03-25 00:23:30,165 - INFO - Loading /Users/kumkumbiswal/Desktop/Suhas/GIC/Dataset 1/Dataset/external-funds/Leeder.08_31_2023.csv into DB
2024-03-25 00:23:30,173 - INFO - Number of records loaded : 87 into DB
2024-03-25 00:23:30,174 - INFO - Splitting the filename: Leeder.08_31_2022.csv to extract FundName and Date
2024-03-25 00:23:30,174 - INFO - Filename: Leeder.08_31_2022.csv matches pattern2
2024-03-25 00:23:30,175 - INFO - Loading /Users/kumkumbiswal/Desktop/Suhas/GIC/Dataset 1/Dataset/external-funds/Leeder.08_31_2022.csv into DB
2024-03-25 00:23:30,182 - INFO - Number of records loaded : 87 into DB
2024-03-25 00:23:30,184 - INFO - Splitting the filename: Report-of-Gohen.05-31-2023.csv to extract FundName and Date
2024-03-25 00:23:30,184 - INFO - Filename: Report-of-Gohen.05-31-2023.csv 2023-05-31 matches pattern1
2024-03-25 00:23:30,185 - INFO - Loading /Users/kumkumbiswal/Desktop/Suhas/GIC/Dataset 1/Dataset/external-funds/Report-of-Gohen.05-31-2023.csv into DB
2024-03-25 00:23:30,191 - INFO - Number of records loaded : 71 into DB
2024-03-25 00:23:30,193 - INFO - Splitting the filename: Virtous.07-31-2023 - securities.csv to extract FundName and Date
2024-03-25 00:23:30,193 - INFO - Filename: Virtous.07-31-2023 - securities.csv 2023-07-31 matches pattern1
2024-03-25 00:23:30,193 - INFO - Loading /Users/kumkumbiswal/Desktop/Suhas/GIC/Dataset 1/Dataset/external-funds/Virtous.07-31-2023 - securities.csv into DB
2024-03-25 00:23:30,200 - INFO - Number of records loaded : 71 into DB
2024-03-25 00:23:30,202 - INFO - Splitting the filename: mend-report Wallington.31_01_2023.csv to extract FundName and Date
2024-03-25 00:23:30,202 - INFO - Filename: mend-report Wallington.31_01_2023.csv matches pattern2
2024-03-25 00:23:30,203 - INFO - Loading /Users/kumkumbiswal/Desktop/Suhas/GIC/Dataset 1/Dataset/external-funds/mend-report Wallington.31_01_2023.csv into DB
2024-03-25 00:23:30,210 - INFO - Number of records loaded : 76 into DB
2024-03-25 00:23:30,212 - INFO - Splitting the filename: Fund Whitestone.28-02-2023 - details.csv to extract FundName and Date
2024-03-25 00:23:30,212 - INFO - Filename: Fund Whitestone.28-02-2023 - details.csv 2023-02-28 matches pattern1
2024-03-25 00:23:30,213 - INFO - Loading /Users/kumkumbiswal/Desktop/Suhas/GIC/Dataset 1/Dataset/external-funds/Fund Whitestone.28-02-2023 - details.csv into DB
2024-03-25 00:23:30,221 - INFO - Number of records loaded : 77 into DB
2024-03-25 00:23:30,222 - INFO - Splitting the filename: rpt-Catalysm.2022-09-30.csv to extract FundName and Date
2024-03-25 00:23:30,222 - INFO - Filename: rpt-Catalysm.2022-09-30.csv matches pattern3
2024-03-25 00:23:30,223 - INFO - Loading /Users/kumkumbiswal/Desktop/Suhas/GIC/Dataset 1/Dataset/external-funds/rpt-Catalysm.2022-09-30.csv into DB
2024-03-25 00:23:30,230 - INFO - Number of records loaded : 82 into DB
2024-03-25 00:23:30,232 - INFO - Splitting the filename: Fund Whitestone.30-04-2023 - details.csv to extract FundName and Date
2024-03-25 00:23:30,232 - INFO - Filename: Fund Whitestone.30-04-2023 - details.csv 2023-04-30 matches pattern1
2024-03-25 00:23:30,233 - INFO - Loading /Users/kumkumbiswal/Desktop/Suhas/GIC/Dataset 1/Dataset/external-funds/Fund Whitestone.30-04-2023 - details.csv into DB
2024-03-25 00:23:30,240 - INFO - Number of records loaded : 77 into DB
2024-03-25 00:23:30,241 - INFO - Splitting the filename: Virtous.09-30-2022 - securities.csv to extract FundName and Date
2024-03-25 00:23:30,241 - INFO - Filename: Virtous.09-30-2022 - securities.csv 2022-09-30 matches pattern1
2024-03-25 00:23:30,242 - INFO - Loading /Users/kumkumbiswal/Desktop/Suhas/GIC/Dataset 1/Dataset/external-funds/Virtous.09-30-2022 - securities.csv into DB
2024-03-25 00:23:30,249 - INFO - Number of records loaded : 71 into DB
2024-03-25 00:23:30,251 - INFO - Splitting the filename: Leeder.01_31_2023.csv to extract FundName and Date
2024-03-25 00:23:30,251 - INFO - Filename: Leeder.01_31_2023.csv matches pattern2
2024-03-25 00:23:30,252 - INFO - Loading /Users/kumkumbiswal/Desktop/Suhas/GIC/Dataset 1/Dataset/external-funds/Leeder.01_31_2023.csv into DB
2024-03-25 00:23:30,259 - INFO - Number of records loaded : 87 into DB
2024-03-25 00:23:30,261 - INFO - Splitting the filename: Fund Whitestone.31-12-2022 - details.csv to extract FundName and Date
2024-03-25 00:23:30,261 - INFO - Filename: Fund Whitestone.31-12-2022 - details.csv 2022-12-31 matches pattern1
2024-03-25 00:23:30,261 - INFO - Loading /Users/kumkumbiswal/Desktop/Suhas/GIC/Dataset 1/Dataset/external-funds/Fund Whitestone.31-12-2022 - details.csv into DB
2024-03-25 00:23:30,268 - INFO - Number of records loaded : 77 into DB
2024-03-25 00:23:30,270 - INFO - Splitting the filename: Magnum.28-02-2023.csv to extract FundName and Date
2024-03-25 00:23:30,270 - INFO - Filename: Magnum.28-02-2023.csv 2023-02-28 matches pattern1
2024-03-25 00:23:30,271 - INFO - Loading /Users/kumkumbiswal/Desktop/Suhas/GIC/Dataset 1/Dataset/external-funds/Magnum.28-02-2023.csv into DB
2024-03-25 00:23:30,278 - INFO - Number of records loaded : 87 into DB
2024-03-25 00:23:30,280 - INFO - Splitting the filename: rpt-Catalysm.2023-03-31.csv to extract FundName and Date
2024-03-25 00:23:30,280 - INFO - Filename: rpt-Catalysm.2023-03-31.csv matches pattern3
2024-03-25 00:23:30,281 - INFO - Loading /Users/kumkumbiswal/Desktop/Suhas/GIC/Dataset 1/Dataset/external-funds/rpt-Catalysm.2023-03-31.csv into DB
2024-03-25 00:23:30,288 - INFO - Number of records loaded : 82 into DB
2024-03-25 00:23:30,290 - INFO - Splitting the filename: Fund Whitestone.31-03-2023 - details.csv to extract FundName and Date
2024-03-25 00:23:30,290 - INFO - Filename: Fund Whitestone.31-03-2023 - details.csv 2023-03-31 matches pattern1
2024-03-25 00:23:30,291 - INFO - Loading /Users/kumkumbiswal/Desktop/Suhas/GIC/Dataset 1/Dataset/external-funds/Fund Whitestone.31-03-2023 - details.csv into DB
2024-03-25 00:23:30,298 - INFO - Number of records loaded : 77 into DB
2024-03-25 00:23:30,299 - INFO - Splitting the filename: Report-of-Gohen.02-28-2023.csv to extract FundName and Date
2024-03-25 00:23:30,299 - INFO - Filename: Report-of-Gohen.02-28-2023.csv 2023-02-28 matches pattern1
2024-03-25 00:23:30,300 - INFO - Loading /Users/kumkumbiswal/Desktop/Suhas/GIC/Dataset 1/Dataset/external-funds/Report-of-Gohen.02-28-2023.csv into DB
2024-03-25 00:23:30,306 - INFO - Number of records loaded : 71 into DB
2024-03-25 00:23:30,308 - INFO - Splitting the filename: Report-of-Gohen.10-31-2022.csv to extract FundName and Date
2024-03-25 00:23:30,308 - INFO - Filename: Report-of-Gohen.10-31-2022.csv 2022-10-31 matches pattern1
2024-03-25 00:23:30,309 - INFO - Loading /Users/kumkumbiswal/Desktop/Suhas/GIC/Dataset 1/Dataset/external-funds/Report-of-Gohen.10-31-2022.csv into DB
2024-03-25 00:23:30,316 - INFO - Number of records loaded : 71 into DB
2024-03-25 00:23:30,317 - INFO - Splitting the filename: Applebead.30-09-2022 breakdown.csv to extract FundName and Date
2024-03-25 00:23:30,317 - INFO - Filename: Applebead.30-09-2022 breakdown.csv 2022-09-30 matches pattern1
2024-03-25 00:23:30,318 - INFO - Loading /Users/kumkumbiswal/Desktop/Suhas/GIC/Dataset 1/Dataset/external-funds/Applebead.30-09-2022 breakdown.csv into DB
2024-03-25 00:23:30,325 - INFO - Number of records loaded : 79 into DB
2024-03-25 00:23:30,327 - INFO - Splitting the filename: mend-report Wallington.30_09_2022.csv to extract FundName and Date
2024-03-25 00:23:30,327 - INFO - Filename: mend-report Wallington.30_09_2022.csv matches pattern2
2024-03-25 00:23:30,328 - INFO - Loading /Users/kumkumbiswal/Desktop/Suhas/GIC/Dataset 1/Dataset/external-funds/mend-report Wallington.30_09_2022.csv into DB
2024-03-25 00:23:30,334 - INFO - Number of records loaded : 76 into DB
2024-03-25 00:23:30,336 - INFO - Splitting the filename: Applebead.31-10-2022 breakdown.csv to extract FundName and Date
2024-03-25 00:23:30,336 - INFO - Filename: Applebead.31-10-2022 breakdown.csv 2022-10-31 matches pattern1
2024-03-25 00:23:30,337 - INFO - Loading /Users/kumkumbiswal/Desktop/Suhas/GIC/Dataset 1/Dataset/external-funds/Applebead.31-10-2022 breakdown.csv into DB
2024-03-25 00:23:30,343 - INFO - Number of records loaded : 79 into DB
2024-03-25 00:23:30,345 - INFO - Splitting the filename: Magnum.31-03-2023.csv to extract FundName and Date
2024-03-25 00:23:30,345 - INFO - Filename: Magnum.31-03-2023.csv 2023-03-31 matches pattern1
2024-03-25 00:23:30,346 - INFO - Loading /Users/kumkumbiswal/Desktop/Suhas/GIC/Dataset 1/Dataset/external-funds/Magnum.31-03-2023.csv into DB
2024-03-25 00:23:30,353 - INFO - Number of records loaded : 87 into DB
2024-03-25 00:23:30,354 - INFO - Splitting the filename: Report-of-Gohen.09-30-2022.csv to extract FundName and Date
2024-03-25 00:23:30,355 - INFO - Filename: Report-of-Gohen.09-30-2022.csv 2022-09-30 matches pattern1
2024-03-25 00:23:30,355 - INFO - Loading /Users/kumkumbiswal/Desktop/Suhas/GIC/Dataset 1/Dataset/external-funds/Report-of-Gohen.09-30-2022.csv into DB
2024-03-25 00:23:30,362 - INFO - Number of records loaded : 71 into DB
2024-03-25 00:23:30,364 - INFO - Splitting the filename: Leeder.04_30_2023.csv to extract FundName and Date
2024-03-25 00:23:30,364 - INFO - Filename: Leeder.04_30_2023.csv matches pattern2
2024-03-25 00:23:30,365 - INFO - Loading /Users/kumkumbiswal/Desktop/Suhas/GIC/Dataset 1/Dataset/external-funds/Leeder.04_30_2023.csv into DB
2024-03-25 00:23:30,372 - INFO - Number of records loaded : 87 into DB
2024-03-25 00:23:30,374 - INFO - Splitting the filename: Applebead.30-06-2023 breakdown.csv to extract FundName and Date
2024-03-25 00:23:30,374 - INFO - Filename: Applebead.30-06-2023 breakdown.csv 2023-06-30 matches pattern1
2024-03-25 00:23:30,374 - INFO - Loading /Users/kumkumbiswal/Desktop/Suhas/GIC/Dataset 1/Dataset/external-funds/Applebead.30-06-2023 breakdown.csv into DB
2024-03-25 00:23:30,381 - INFO - Number of records loaded : 79 into DB
2024-03-25 00:23:30,383 - INFO - Splitting the filename: TT_monthly_Trustmind.20230630.csv to extract FundName and Date
2024-03-25 00:23:30,383 - INFO - Filename: TT_monthly_Trustmind.20230630.csv matches pattern4
2024-03-25 00:23:30,384 - INFO - Loading /Users/kumkumbiswal/Desktop/Suhas/GIC/Dataset 1/Dataset/external-funds/TT_monthly_Trustmind.20230630.csv into DB
2024-03-25 00:23:30,391 - INFO - Number of records loaded : 75 into DB
2024-03-25 00:23:30,392 - INFO - Splitting the filename: Belaware.30_04_2023.csv to extract FundName and Date
2024-03-25 00:23:30,392 - INFO - Filename: Belaware.30_04_2023.csv matches pattern2
2024-03-25 00:23:30,393 - INFO - Loading /Users/kumkumbiswal/Desktop/Suhas/GIC/Dataset 1/Dataset/external-funds/Belaware.30_04_2023.csv into DB
2024-03-25 00:23:30,401 - INFO - Number of records loaded : 88 into DB
2024-03-25 00:23:30,402 - INFO - Splitting the filename: Virtous.04-30-2023 - securities.csv to extract FundName and Date
2024-03-25 00:23:30,402 - INFO - Filename: Virtous.04-30-2023 - securities.csv 2023-04-30 matches pattern1
2024-03-25 00:23:30,403 - INFO - Loading /Users/kumkumbiswal/Desktop/Suhas/GIC/Dataset 1/Dataset/external-funds/Virtous.04-30-2023 - securities.csv into DB
2024-03-25 00:23:30,410 - INFO - Number of records loaded : 71 into DB
2024-03-25 00:23:30,411 - INFO - Splitting the filename: Applebead.31-01-2023 breakdown.csv to extract FundName and Date
2024-03-25 00:23:30,411 - INFO - Filename: Applebead.31-01-2023 breakdown.csv 2023-01-31 matches pattern1
2024-03-25 00:23:30,412 - INFO - Loading /Users/kumkumbiswal/Desktop/Suhas/GIC/Dataset 1/Dataset/external-funds/Applebead.31-01-2023 breakdown.csv into DB
2024-03-25 00:23:30,419 - INFO - Number of records loaded : 79 into DB
2024-03-25 00:23:30,420 - INFO - Splitting the filename: Belaware.31_07_2023.csv to extract FundName and Date
2024-03-25 00:23:30,421 - INFO - Filename: Belaware.31_07_2023.csv matches pattern2
2024-03-25 00:23:30,421 - INFO - Loading /Users/kumkumbiswal/Desktop/Suhas/GIC/Dataset 1/Dataset/external-funds/Belaware.31_07_2023.csv into DB
2024-03-25 00:23:30,428 - INFO - Number of records loaded : 88 into DB
2024-03-25 00:23:30,430 - INFO - Splitting the filename: rpt-Catalysm.2023-01-31.csv to extract FundName and Date
2024-03-25 00:23:30,430 - INFO - Filename: rpt-Catalysm.2023-01-31.csv matches pattern3
2024-03-25 00:23:30,431 - INFO - Loading /Users/kumkumbiswal/Desktop/Suhas/GIC/Dataset 1/Dataset/external-funds/rpt-Catalysm.2023-01-31.csv into DB
2024-03-25 00:23:30,438 - INFO - Number of records loaded : 82 into DB
2024-03-25 00:23:30,440 - INFO - Splitting the filename: Leeder.11_30_2022.csv to extract FundName and Date
2024-03-25 00:23:30,440 - INFO - Filename: Leeder.11_30_2022.csv matches pattern2
2024-03-25 00:23:30,440 - INFO - Loading /Users/kumkumbiswal/Desktop/Suhas/GIC/Dataset 1/Dataset/external-funds/Leeder.11_30_2022.csv into DB
2024-03-25 00:23:30,448 - INFO - Number of records loaded : 87 into DB
2024-03-25 00:23:30,449 - INFO - Splitting the filename: Magnum.31-08-2023.csv to extract FundName and Date
2024-03-25 00:23:30,449 - INFO - Filename: Magnum.31-08-2023.csv 2023-08-31 matches pattern1
2024-03-25 00:23:30,450 - INFO - Loading /Users/kumkumbiswal/Desktop/Suhas/GIC/Dataset 1/Dataset/external-funds/Magnum.31-08-2023.csv into DB
2024-03-25 00:23:30,457 - INFO - Number of records loaded : 87 into DB
2024-03-25 00:23:30,459 - INFO - Splitting the filename: Magnum.31-08-2022.csv to extract FundName and Date
2024-03-25 00:23:30,459 - INFO - Filename: Magnum.31-08-2022.csv 2022-08-31 matches pattern1
2024-03-25 00:23:30,460 - INFO - Loading /Users/kumkumbiswal/Desktop/Suhas/GIC/Dataset 1/Dataset/external-funds/Magnum.31-08-2022.csv into DB
2024-03-25 00:23:30,467 - INFO - Number of records loaded : 87 into DB
2024-03-25 00:23:30,469 - INFO - Splitting the filename: TT_monthly_Trustmind.20230430.csv to extract FundName and Date
2024-03-25 00:23:30,469 - INFO - Filename: TT_monthly_Trustmind.20230430.csv matches pattern4
2024-03-25 00:23:30,470 - INFO - Loading /Users/kumkumbiswal/Desktop/Suhas/GIC/Dataset 1/Dataset/external-funds/TT_monthly_Trustmind.20230430.csv into DB
2024-03-25 00:23:30,476 - INFO - Number of records loaded : 75 into DB
2024-03-25 00:23:30,478 - ERROR - View not found in the database.
2024-03-25 00:23:30,483 - INFO - View creation successful!
2024-03-25 00:23:30,483 - INFO - Recon data view created/refreshed
2024-03-25 00:23:30,483 - ERROR - View not found in the database.
2024-03-25 00:23:30,485 - INFO - View creation successful!
2024-03-25 00:23:30,485 - INFO - Equities Report data view created/refreshed
2024-03-25 00:23:33,795 - INFO - Report data extracted
